\\VMWARE-HOST\SHARED FOLDERS\DATA\GIT_REPOS\SPLUNK-SDK-JAVA\LAUNCHERS\SHIM\SHIM\DEBUG\VC110.PDB
\\VMWARE-HOST\SHARED FOLDERS\DATA\GIT_REPOS\SPLUNK-SDK-JAVA\LAUNCHERS\SHIM\DEBUG\SHIM.PDB
\\vmware-host\Shared Folders\data\git_repos\splunk-sdk-java\launchers\shim\shim\Debug\stdafx.obj
\\vmware-host\Shared Folders\data\git_repos\splunk-sdk-java\launchers\shim\shim\Debug\shim.obj
\\vmware-host\Shared Folders\data\git_repos\splunk-sdk-java\launchers\shim\shim\Debug\link-cvtres.write.1.tlog
\\vmware-host\Shared Folders\data\git_repos\splunk-sdk-java\launchers\shim\shim\Debug\CL.write.1.tlog
\\vmware-host\Shared Folders\data\git_repos\splunk-sdk-java\launchers\shim\shim\Debug\link-rc.read.1.tlog
\\vmware-host\Shared Folders\data\git_repos\splunk-sdk-java\launchers\shim\shim\Debug\link.command.1.tlog
\\vmware-host\Shared Folders\data\git_repos\splunk-sdk-java\launchers\shim\shim\Debug\cl.command.1.tlog
\\vmware-host\Shared Folders\data\git_repos\splunk-sdk-java\launchers\shim\shim\Debug\CL.read.1.tlog
\\vmware-host\Shared Folders\data\git_repos\splunk-sdk-java\launchers\shim\shim\Debug\link.read.1.tlog
\\vmware-host\Shared Folders\data\git_repos\splunk-sdk-java\launchers\shim\shim\Debug\link-rc.write.1.tlog
\\vmware-host\Shared Folders\data\git_repos\splunk-sdk-java\launchers\shim\shim\Debug\link-cvtres.read.1.tlog
\\vmware-host\Shared Folders\data\git_repos\splunk-sdk-java\launchers\shim\shim\Debug\link.write.1.tlog
\\vmware-host\Shared Folders\data\git_repos\splunk-sdk-java\launchers\shim\shim\Debug\shim.pch
\\vmware-host\Shared Folders\data\git_repos\splunk-sdk-java\launchers\shim\shim\Debug\vc110.idb
\\vmware-host\Shared Folders\data\git_repos\splunk-sdk-java\launchers\shim\shim\Debug\vc110.pdb
\\vmware-host\Shared Folders\data\git_repos\splunk-sdk-java\launchers\shim\Debug\shim.pdb
\\vmware-host\Shared Folders\data\git_repos\splunk-sdk-java\launchers\shim\Debug\shim.exe
\\vmware-host\Shared Folders\data\git_repos\splunk-sdk-java\launchers\shim\Debug\shim.ilk
